c:\users\skyse\onedrive\바탕 화면\snakegame_remake\snakegame_실행파일\snakegame\x64\debug\vc143.pdb
c:\users\skyse\onedrive\바탕 화면\snakegame_remake\snakegame_실행파일\snakegame\x64\debug\vc143.idb
c:\users\skyse\onedrive\바탕 화면\snakegame_remake\snakegame_실행파일\snakegame\x64\debug\atexture.obj
c:\users\skyse\onedrive\바탕 화면\snakegame_remake\snakegame_실행파일\snakegame\x64\debug\rendermanager.obj
c:\users\skyse\onedrive\바탕 화면\snakegame_remake\snakegame_실행파일\snakegame\x64\debug\textmanager.obj
c:\users\skyse\onedrive\바탕 화면\snakegame_remake\snakegame_실행파일\snakegame\x64\debug\spritemanager.obj
c:\users\skyse\onedrive\바탕 화면\snakegame_remake\snakegame_실행파일\snakegame\x64\debug\soundmanager.obj
c:\users\skyse\onedrive\바탕 화면\snakegame_remake\snakegame_실행파일\snakegame\x64\debug\objectmanager.obj
c:\users\skyse\onedrive\바탕 화면\snakegame_remake\snakegame_실행파일\snakegame\x64\debug\object.obj
c:\users\skyse\onedrive\바탕 화면\snakegame_remake\snakegame_실행파일\snakegame\x64\debug\main.obj
c:\users\skyse\onedrive\바탕 화면\snakegame_remake\snakegame_실행파일\snakegame\x64\debug\ablock.obj
c:\users\skyse\onedrive\바탕 화면\snakegame_remake\snakegame_실행파일\snakegame\x64\debug\actormanager.obj
c:\users\skyse\onedrive\바탕 화면\snakegame_remake\snakegame_실행파일\snakegame\x64\debug\actor.obj
c:\users\skyse\onedrive\바탕 화면\snakegame_remake\snakegame_실행파일\snakegame\x64\debug\gamescene.obj
c:\users\skyse\onedrive\바탕 화면\snakegame_remake\snakegame_실행파일\snakegame\x64\debug\amap.obj
c:\users\skyse\onedrive\바탕 화면\snakegame_remake\snakegame_실행파일\snakegame\x64\debug\inputhandlemanager.obj
c:\users\skyse\onedrive\바탕 화면\snakegame_remake\snakegame_실행파일\snakegame\x64\debug\asnake.obj
c:\users\skyse\onedrive\바탕 화면\snakegame_remake\snakegame_실행파일\snakegame\x64\debug\windowmanager.obj
c:\users\skyse\onedrive\바탕 화면\snakegame_remake\snakegame_실행파일\snakegame\x64\debug\framework.obj
c:\users\skyse\onedrive\바탕 화면\snakegame_remake\snakegame_실행파일\snakegame\x64\debug\asnakegamestate.obj
c:\users\skyse\onedrive\바탕 화면\snakegame_remake\snakegame_실행파일\snakegame\x64\debug\aapplespawner.obj
c:\users\skyse\onedrive\바탕 화면\snakegame_remake\snakegame_실행파일\snakegame\x64\debug\tcpmanager.obj
c:\users\skyse\onedrive\바탕 화면\snakegame_remake\snakegame_실행파일\snakegame\x64\debug\scene.obj
c:\users\skyse\onedrive\바탕 화면\snakegame_remake\snakegame_실행파일\snakegame\x64\debug\gameserver.obj
c:\users\skyse\onedrive\바탕 화면\snakegame_remake\snakegame_실행파일\snakegame\x64\debug\multithreadmanager.obj
c:\users\skyse\onedrive\바탕 화면\snakegame_remake\snakegame_실행파일\snakegame\x64\debug\owindow.obj
c:\users\skyse\onedrive\바탕 화면\snakegame_remake\snakegame_실행파일\snakegame\x64\debug\udpmanager.obj
c:\users\skyse\onedrive\바탕 화면\snakegame_remake\snakegame_실행파일\snakegame\x64\debug\networkmanager.obj
c:\users\skyse\onedrive\바탕 화면\snakegame_remake\snakegame_실행파일\snakegame\x64\debug\oserver.obj
c:\users\skyse\onedrive\바탕 화면\snakegame_remake\snakegame_실행파일\snakegame\x64\debug\oclient.obj
c:\users\skyse\onedrive\바탕 화면\snakegame_remake\snakegame_실행파일\snakegame\x64\debug\debugmessagemanager.obj
c:\users\skyse\onedrive\바탕 화면\snakegame_remake\snakegame_실행파일\snakegame\x64\debug\filereader.obj
c:\users\skyse\onedrive\바탕 화면\snakegame_remake\snakegame_실행파일\snakegame\x64\debug\atext.obj
c:\users\skyse\onedrive\바탕 화면\snakegame_remake\snakegame_실행파일\snakegame\x64\debug\gamestartscene.obj
c:\users\skyse\onedrive\바탕 화면\snakegame_remake\snakegame_실행파일\snakegame\x64\debug\aopponent.obj
c:\users\skyse\onedrive\바탕 화면\snakegame_remake\snakegame_실행파일\x64\debug\snakegame.exe
c:\users\skyse\onedrive\바탕 화면\snakegame_remake\snakegame_실행파일\x64\debug\snakegame.pdb
c:\users\skyse\onedrive\바탕 화면\snakegame_remake\snakegame_실행파일\snakegame\x64\debug\snakegame.ilk
c:\users\skyse\onedrive\바탕 화면\snakegame_remake\snakegame_실행파일\snakegame\x64\debug\aservermaps.obj
c:\users\skyse\onedrive\바탕 화면\snakegame_remake\snakegame_실행파일\snakegame\x64\debug\block.obj
c:\users\skyse\onedrive\바탕 화면\snakegame_remake\snakegame_실행파일\snakegame\x64\debug\blockactor.obj
c:\users\skyse\onedrive\바탕 화면\snakegame_remake\snakegame_실행파일\snakegame\x64\debug\button.obj
c:\users\skyse\onedrive\바탕 화면\snakegame_remake\snakegame_실행파일\snakegame\x64\debug\fiilereader.obj
c:\users\skyse\onedrive\바탕 화면\snakegame_remake\snakegame_실행파일\snakegame\x64\debug\framwork.obj
c:\users\skyse\onedrive\바탕 화면\snakegame_remake\snakegame_실행파일\snakegame\x64\debug\gameobject.obj
c:\users\skyse\onedrive\바탕 화면\snakegame_remake\snakegame_실행파일\snakegame\x64\debug\mapactor.obj
c:\users\skyse\onedrive\바탕 화면\snakegame_remake\snakegame_실행파일\snakegame\x64\debug\room.obj
c:\users\skyse\onedrive\바탕 화면\snakegame_remake\snakegame_실행파일\snakegame\x64\debug\snake.obj
c:\users\skyse\onedrive\바탕 화면\snakegame_remake\snakegame_실행파일\snakegame\x64\debug\textureactor.obj
c:\users\skyse\onedrive\바탕 화면\snakegame_remake\snakegame_실행파일\snakegame\x64\debug\texurerendermanager.obj
c:\users\skyse\onedrive\바탕 화면\snakegame_remake\snakegame_실행파일\snakegame\x64\debug\framework.obj.enc
c:\users\skyse\onedrive\바탕 화면\snakegame_remake\snakegame_실행파일\snakegame\x64\debug\gamescene.obj.enc
c:\users\skyse\onedrive\바탕 화면\snakegame_remake\snakegame_실행파일\snakegame\x64\debug\gameserver.obj.enc
c:\users\skyse\onedrive\바탕 화면\snakegame_remake\snakegame_실행파일\snakegame\x64\debug\vc142.idb
c:\users\skyse\onedrive\바탕 화면\snakegame_remake\snakegame_실행파일\snakegame\x64\debug\vc142.pdb
c:\users\skyse\onedrive\바탕 화면\snakegame_remake\snakegame_실행파일\snakegame\x64\debug\snakegame.tlog\cl.command.1.tlog
c:\users\skyse\onedrive\바탕 화면\snakegame_remake\snakegame_실행파일\snakegame\x64\debug\snakegame.tlog\cl.items.tlog
c:\users\skyse\onedrive\바탕 화면\snakegame_remake\snakegame_실행파일\snakegame\x64\debug\snakegame.tlog\cl.read.1.tlog
c:\users\skyse\onedrive\바탕 화면\snakegame_remake\snakegame_실행파일\snakegame\x64\debug\snakegame.tlog\cl.write.1.tlog
c:\users\skyse\onedrive\바탕 화면\snakegame_remake\snakegame_실행파일\snakegame\x64\debug\snakegame.tlog\link.command.1.tlog
c:\users\skyse\onedrive\바탕 화면\snakegame_remake\snakegame_실행파일\snakegame\x64\debug\snakegame.tlog\link.read.1.tlog
c:\users\skyse\onedrive\바탕 화면\snakegame_remake\snakegame_실행파일\snakegame\x64\debug\snakegame.tlog\link.secondary.1.tlog
c:\users\skyse\onedrive\바탕 화면\snakegame_remake\snakegame_실행파일\snakegame\x64\debug\snakegame.tlog\link.write.1.tlog
